<?xml version="1.0" encoding="UTF-8"?>
<testng-results skipped="0" failed="0" ignored="0" total="1" passed="1">
  <reporter-output>
  </reporter-output>
  <suite name="Default suite" duration-ms="18975" started-at="2021-02-05T14:25:13Z" finished-at="2021-02-05T14:25:32Z">
    <groups>
    </groups>
    <test name="Default test" duration-ms="18975" started-at="2021-02-05T14:25:13Z" finished-at="2021-02-05T14:25:32Z">
      <class name="com.naukri.qa.testcases.HomePageTest">
        <test-method status="PASS" signature="setup()[pri:0, instance:com.naukri.qa.testcases.HomePageTest@5cb9f472]" name="setup" is-config="true" duration-ms="18832" started-at="2021-02-05T19:55:13Z" finished-at="2021-02-05T19:55:32Z">
          <reporter-output>
          </reporter-output>
        </test-method> <!-- setup -->
        <test-method status="PASS" signature="verifyhomepagelogo()[pri:1, instance:com.naukri.qa.testcases.HomePageTest@5cb9f472]" name="verifyhomepagelogo" duration-ms="87" started-at="2021-02-05T19:55:32Z" finished-at="2021-02-05T19:55:32Z">
          <reporter-output>
          </reporter-output>
        </test-method> <!-- verifyhomepagelogo -->
      </class> <!-- com.naukri.qa.testcases.HomePageTest -->
    </test> <!-- Default test -->
  </suite> <!-- Default suite -->
</testng-results>
